# JRE version: Java(TM) SE Runtime Environment (8.0_60-b27) (build 1.8.0_60-b27)
# Java VM: Java HotSpot(TM) 64-Bit Server VM (25.60-b23 mixed mode windows-amd64 compressed oops)
Heap:
 PSYoungGen      total 114176K, used 73023K [0x00000000d5f00000, 0x00000000dd980000, 0x0000000100000000)
  eden space 109056K, 66% used [0x00000000d5f00000,0x00000000da64fe98,0x00000000dc980000)
  from space 5120K, 0% used [0x00000000dcf80000,0x00000000dcf80000,0x00000000dd480000)
  to   space 512K, 0% used [0x00000000dd900000,0x00000000dd900000,0x00000000dd980000)
 ParOldGen       total 471040K, used 387884K [0x0000000081c00000, 0x000000009e800000, 0x00000000d5f00000)
  object space 471040K, 82% used [0x0000000081c00000,0x00000000996cb000,0x000000009e800000)
 Metaspace       used 12212K, capacity 12412K, committed 12672K, reserved 1060864K
  class space    used 1567K, capacity 1652K, committed 1664K, reserved 1048576K
GC Heap History (10 events):
Event: 1.412 GC heap before
{Heap before GC invocations=6 (full 3):
 PSYoungGen      total 71680K, used 66032K [0x00000000d5f00000, 0x00000000dde00000, 0x0000000100000000)
  eden space 66560K, 99% used [0x00000000d5f00000,0x00000000d9f7c2c8,0x00000000da000000)
  from space 5120K, 0% used [0x00000000da000000,0x00000000da000000,0x00000000da500000)
  to   space 5120K, 0% used [0x00000000dd900000,0x00000000dd900000,0x00000000dde00000)
 ParOldGen       total 256512K, used 223939K [0x0000000081c00000, 0x0000000091680000, 0x00000000d5f00000)
  object space 256512K, 87% used [0x0000000081c00000,0x000000008f6b0e98,0x0000000091680000)
 Metaspace       used 8336K, capacity 8506K, committed 8832K, reserved 1056768K
  class space    used 985K, capacity 1065K, committed 1152K, reserved 1048576K
Event: 1.493 GC heap after
Heap after GC invocations=6 (full 3):
 PSYoungGen      total 71680K, used 43875K [0x00000000d5f00000, 0x00000000dde00000, 0x0000000100000000)
  eden space 66560K, 65% used [0x00000000d5f00000,0x00000000d89d8d50,0x00000000da000000)
  from space 5120K, 0% used [0x00000000da000000,0x00000000da000000,0x00000000da500000)
  to   space 5120K, 0% used [0x00000000dd900000,0x00000000dd900000,0x00000000dde00000)
 ParOldGen       total 381952K, used 243293K [0x0000000081c00000, 0x0000000099100000, 0x00000000d5f00000)
  object space 381952K, 63% used [0x0000000081c00000,0x0000000090997660,0x0000000099100000)
 Metaspace       used 8336K, capacity 8506K, committed 8832K, reserved 1056768K
  class space    used 985K, capacity 1065K, committed 1152K, reserved 1048576K
}
Event: 1.607 GC heap before
{Heap before GC invocations=7 (full 3):
 PSYoungGen      total 71680K, used 61049K [0x00000000d5f00000, 0x00000000dde00000, 0x0000000100000000)
  eden space 66560K, 91% used [0x00000000d5f00000,0x00000000d9a9e700,0x00000000da000000)
  from space 5120K, 0% used [0x00000000da000000,0x00000000da000000,0x00000000da500000)
  to   space 5120K, 0% used [0x00000000dd900000,0x00000000dd900000,0x00000000dde00000)
 ParOldGen       total 381952K, used 243293K [0x0000000081c00000, 0x0000000099100000, 0x00000000d5f00000)
  object space 381952K, 63% used [0x0000000081c00000,0x0000000090997660,0x0000000099100000)
 Metaspace       used 8336K, capacity 8506K, committed 8832K, reserved 1056768K
  class space    used 985K, capacity 1065K, committed 1152K, reserved 1048576K
Event: 1.651 GC heap after
Heap after GC invocations=7 (full 3):
 PSYoungGen      total 109568K, used 192K [0x00000000d5f00000, 0x00000000dd980000, 0x0000000100000000)
  eden space 109056K, 0% used [0x00000000d5f00000,0x00000000d5f00000,0x00000000dc980000)
  from space 512K, 37% used [0x00000000dd900000,0x00000000dd930000,0x00000000dd980000)
  to   space 5120K, 0% used [0x00000000dcf80000,0x00000000dcf80000,0x00000000dd480000)
 ParOldGen       total 381952K, used 319946K [0x0000000081c00000, 0x0000000099100000, 0x00000000d5f00000)
  object space 381952K, 83% used [0x0000000081c00000,0x0000000095472a90,0x0000000099100000)
 Metaspace       used 8336K, capacity 8506K, committed 8832K, reserved 1056768K
  class space    used 985K, capacity 1065K, committed 1152K, reserved 1048576K
}
Event: 1.651 GC heap before
{Heap before GC invocations=8 (full 4):
 PSYoungGen      total 109568K, used 192K [0x00000000d5f00000, 0x00000000dd980000, 0x0000000100000000)
  eden space 109056K, 0% used [0x00000000d5f00000,0x00000000d5f00000,0x00000000dc980000)
  from space 512K, 37% used [0x00000000dd900000,0x00000000dd930000,0x00000000dd980000)
  to   space 5120K, 0% used [0x00000000dcf80000,0x00000000dcf80000,0x00000000dd480000)
 ParOldGen       total 381952K, used 319946K [0x0000000081c00000, 0x0000000099100000, 0x00000000d5f00000)
  object space 381952K, 83% used [0x0000000081c00000,0x0000000095472a90,0x0000000099100000)
 Metaspace       used 8336K, capacity 8506K, committed 8832K, reserved 1056768K
  class space    used 985K, capacity 1065K, committed 1152K, reserved 1048576K
Event: 1.659 GC heap after
Heap after GC invocations=8 (full 4):
 PSYoungGen      total 109568K, used 0K [0x00000000d5f00000, 0x00000000dd980000, 0x0000000100000000)
  eden space 109056K, 0% used [0x00000000d5f00000,0x00000000d5f00000,0x00000000dc980000)
  from space 512K, 0% used [0x00000000dd900000,0x00000000dd900000,0x00000000dd980000)
  to   space 5120K, 0% used [0x00000000dcf80000,0x00000000dcf80000,0x00000000dd480000)
 ParOldGen       total 471040K, used 303558K [0x0000000081c00000, 0x000000009e800000, 0x00000000d5f00000)
  object space 471040K, 64% used [0x0000000081c00000,0x0000000094471b40,0x000000009e800000)
 Metaspace       used 8336K, capacity 8506K, committed 8832K, reserved 1056768K
  class space    used 985K, capacity 1065K, committed 1152K, reserved 1048576K
}
Event: 1.989 GC heap before
{Heap before GC invocations=9 (full 4):
 PSYoungGen      total 109568K, used 85820K [0x00000000d5f00000, 0x00000000dd980000, 0x0000000100000000)
  eden space 109056K, 78% used [0x00000000d5f00000,0x00000000db2cf1e8,0x00000000dc980000)
  from space 512K, 0% used [0x00000000dd900000,0x00000000dd900000,0x00000000dd980000)
  to   space 5120K, 0% used [0x00000000dcf80000,0x00000000dcf80000,0x00000000dd480000)
 ParOldGen       total 471040K, used 303558K [0x0000000081c00000, 0x000000009e800000, 0x00000000d5f00000)
  object space 471040K, 64% used [0x0000000081c00000,0x0000000094471b40,0x000000009e800000)
 Metaspace       used 8369K, capacity 8582K, committed 8832K, reserved 1056768K
  class space    used 987K, capacity 1067K, committed 1152K, reserved 1048576K
Event: 2.028 GC heap after
Heap after GC invocations=9 (full 4):
 PSYoungGen      total 114176K, used 224K [0x00000000d5f00000, 0x00000000dd980000, 0x0000000100000000)
  eden space 109056K, 0% used [0x00000000d5f00000,0x00000000d5f00000,0x00000000dc980000)
  from space 5120K, 4% used [0x00000000dcf80000,0x00000000dcfb8000,0x00000000dd480000)
  to   space 512K, 0% used [0x00000000dd900000,0x00000000dd900000,0x00000000dd980000)
 ParOldGen       total 471040K, used 387884K [0x0000000081c00000, 0x000000009e800000, 0x00000000d5f00000)
  object space 471040K, 82% used [0x0000000081c00000,0x00000000996cb2e0,0x000000009e800000)
 Metaspace       used 8369K, capacity 8582K, committed 8832K, reserved 1056768K
  class space    used 987K, capacity 1067K, committed 1152K, reserved 1048576K
}
Event: 2.028 GC heap before
{Heap before GC invocations=10 (full 5):
 PSYoungGen      total 114176K, used 224K [0x00000000d5f00000, 0x00000000dd980000, 0x0000000100000000)
  eden space 109056K, 0% used [0x00000000d5f00000,0x00000000d5f00000,0x00000000dc980000)
  from space 5120K, 4% used [0x00000000dcf80000,0x00000000dcfb8000,0x00000000dd480000)
  to   space 512K, 0% used [0x00000000dd900000,0x00000000dd900000,0x00000000dd980000)
 ParOldGen       total 471040K, used 387884K [0x0000000081c00000, 0x000000009e800000, 0x00000000d5f00000)
  object space 471040K, 82% used [0x0000000081c00000,0x00000000996cb2e0,0x000000009e800000)
 Metaspace       used 8369K, capacity 8582K, committed 8832K, reserved 1056768K
  class space    used 987K, capacity 1067K, committed 1152K, reserved 1048576K
Event: 2.074 GC heap after
Heap after GC invocations=10 (full 5):
 PSYoungGen      total 114176K, used 0K [0x00000000d5f00000, 0x00000000dd980000, 0x0000000100000000)
  eden space 109056K, 0% used [0x00000000d5f00000,0x00000000d5f00000,0x00000000dc980000)
  from space 5120K, 0% used [0x00000000dcf80000,0x00000000dcf80000,0x00000000dd480000)
  to   space 512K, 0% used [0x00000000dd900000,0x00000000dd900000,0x00000000dd980000)
 ParOldGen       total 471040K, used 387884K [0x0000000081c00000, 0x000000009e800000, 0x00000000d5f00000)
  object space 471040K, 82% used [0x0000000081c00000,0x00000000996cb000,0x000000009e800000)
 Metaspace       used 8369K, capacity 8582K, committed 8832K, reserved 1056768K
  class space    used 987K, capacity 1067K, committed 1152K, reserved 1048576K
}

